VS filter: testpath:TestAssembly:Ve.Tests/Feature:Quantity+and+price+of+the+shopping+cart+items/Scenario:Add+many+products+to+the+basket | testpath:TestAssembly:Ve.Tests/Feature:Quantity+and+price+of+the+shopping+cart+items/Scenario:Add+one+product+to+the+basket | testpath:TestAssembly:Ve.Tests/Feature:Quantity+and+price+of+the+shopping+cart+items/Scenario:Remove+the+product+from+basket | testpath:TestAssembly:Ve.Tests/Feature:Quantity+and+price+of+the+shopping+cart+items/Scenario:Increase+quantity+of+products | testpath:TestAssembly:Ve.Tests/Feature:SaleItems/Scenario:Discount+displayed+on+product+page+is+applied+on+basket+page+as+well
Discovering target: Default
Discovering tests from assembly: c:\users\raluca.nanea\documents\visual studio 2013\Projects\Ve.Test.Framework\Ve.Tests\bin\Debug\Ve.Tests.dll
Appdomain Disposed
Test Suite Dump
#0: Ve.Tests/Default - 
#1: Default - 
#2: Ve.Tests - 
#3: SaleItems - 
#6: Quantity and price of the shopping cart items - 
#5: Discount displayed on product page is applied on basket page as well - TestAssembly:Ve.Tests/Feature:SaleItems/Scenario:Discount+displayed+on+product+page+is+applied+on+basket+page+as+well
#7: Add one product to the basket - TestAssembly:Ve.Tests/Feature:Quantity+and+price+of+the+shopping+cart+items/Scenario:Add+one+product+to+the+basket
#8: Increase quantity of products - TestAssembly:Ve.Tests/Feature:Quantity+and+price+of+the+shopping+cart+items/Scenario:Increase+quantity+of+products
#9: Remove the product from basket - TestAssembly:Ve.Tests/Feature:Quantity+and+price+of+the+shopping+cart+items/Scenario:Remove+the+product+from+basket
#10: Add many products to the basket - TestAssembly:Ve.Tests/Feature:Quantity+and+price+of+the+shopping+cart+items/Scenario:Add+many+products+to+the+basket
End: Test Suite Dump -- X
Scheduler: considering #5 for thread #0
Scheduler: using #5 for thread #0
Test #5 is scheduled for thread #0
Thread #0: creating new test thread executor for Ve.Tests, Version=1.0.0.0, Culture=neutral, PublicKeyToken=null (target: Default)
Loading SpecRun type 'TechTalk.SpecRun.Framework.TestAssemblyExecutor' from: C:\Users\raluca.nanea\AppData\Local\Temp\VisualStudioTestExplorerExtensions\SpecRun.Runner.1.3.0\tools\TechTalk.SpecRun.Framework.Executor.dll
Test #5/0 is started on thread #0
B:Given I navigate to a product page with sale item on it
T:done: SalesSteps.GivenINavigateToAProductPageWithSaleItemOnIt() (5.4s)
B:When I add the current product to the basket
T:done: BasketSteps.WhenIAddTheCurrentProductToTheBasket() (2.0s)
B:Then the basket reflects the correct quantity and price of the item/s added to it
T:done: BasketSteps.ThenTheBasketReflectsTheCorrectQuantityAndPriceOfTheItemSAddedToIt() (0.2s)
Scheduler: considering #7 for thread #0
Scheduler: using #7 for thread #0
Test #7 is scheduled for thread #0
Test #5 is finished on thread #0 as Succeeded within 20.3037909 seconds
Test #7/0 is started on thread #0
B:Given I navigate to Clerkenwell website
T:done: BasketSteps.GivenINavigateToClerkenwellWebsite() (2.0s)
B:And I navigate further to a product page
T:error: Unexpected error. System.Net.WebException: Unable to connect to the remote server ---> System.Net.Sockets.SocketException: No connection could be made because the target machine actively refused it 127.0.0.1:7055
T:   at System.Net.Sockets.Socket.DoConnect(EndPoint endPointSnapshot, SocketAddress socketAddress)
T:   at System.Net.ServicePoint.ConnectSocketInternal(Boolean connectFailure, Socket s4, Socket s6, Socket& socket, IPAddress& address, ConnectSocketState state, IAsyncResult asyncResult, Exception& exception)
T:   --- End of inner exception stack trace ---
T:   at System.Net.HttpWebRequest.GetRequestStream(TransportContext& context)
T:   at System.Net.HttpWebRequest.GetRequestStream()
T:   at OpenQA.Selenium.Remote.HttpCommandExecutor.Execute(Command commandToExecute)
T:   at OpenQA.Selenium.Firefox.FirefoxDriverCommandExecutor.Execute(Command commandToExecute)
T:   at OpenQA.Selenium.Remote.RemoteWebDriver.Execute(String driverCommandToExecute, Dictionary`2 parameters)
B:When I add the current product to the basket
T:skipped because of previous errors
B:Then the basket reflects the correct quantity and price of the item/s added to it
T:skipped because of previous errors
Scheduler: dequeuing a rescheduled item: 7
Scheduler: considering #7 for thread #0
Scheduler: using #7 for thread #0
Test #7 is scheduled for thread #0
Test #7 is finished on thread #0 as Failed within 9.8668154 seconds
Test #7/1 is started on thread #0
B:Given I navigate to Clerkenwell website
T:done: BasketSteps.GivenINavigateToClerkenwellWebsite() (2.0s)
B:And I navigate further to a product page
T:error: Unexpected error. System.Net.WebException: Unable to connect to the remote server ---> System.Net.Sockets.SocketException: No connection could be made because the target machine actively refused it 127.0.0.1:7055
T:   at System.Net.Sockets.Socket.DoConnect(EndPoint endPointSnapshot, SocketAddress socketAddress)
T:   at System.Net.ServicePoint.ConnectSocketInternal(Boolean connectFailure, Socket s4, Socket s6, Socket& socket, IPAddress& address, ConnectSocketState state, IAsyncResult asyncResult, Exception& exception)
T:   --- End of inner exception stack trace ---
T:   at System.Net.HttpWebRequest.GetRequestStream(TransportContext& context)
T:   at System.Net.HttpWebRequest.GetRequestStream()
T:   at OpenQA.Selenium.Remote.HttpCommandExecutor.Execute(Command commandToExecute)
T:   at OpenQA.Selenium.Firefox.FirefoxDriverCommandExecutor.Execute(Command commandToExecute)
T:   at OpenQA.Selenium.Remote.RemoteWebDriver.Execute(String driverCommandToExecute, Dictionary`2 parameters)
B:When I add the current product to the basket
T:skipped because of previous errors
B:Then the basket reflects the correct quantity and price of the item/s added to it
T:skipped because of previous errors
Scheduler: dequeuing a rescheduled item: 7
Scheduler: considering #7 for thread #0
Scheduler: using #7 for thread #0
Test #7 is scheduled for thread #0
Test #7 is finished on thread #0 as Failed within 9.8847328 seconds
Test #7/2 is started on thread #0
B:Given I navigate to Clerkenwell website
T:done: BasketSteps.GivenINavigateToClerkenwellWebsite() (2.0s)
B:And I navigate further to a product page
T:error: Unexpected error. System.Net.WebException: Unable to connect to the remote server ---> System.Net.Sockets.SocketException: No connection could be made because the target machine actively refused it 127.0.0.1:7055
T:   at System.Net.Sockets.Socket.DoConnect(EndPoint endPointSnapshot, SocketAddress socketAddress)
T:   at System.Net.ServicePoint.ConnectSocketInternal(Boolean connectFailure, Socket s4, Socket s6, Socket& socket, IPAddress& address, ConnectSocketState state, IAsyncResult asyncResult, Exception& exception)
T:   --- End of inner exception stack trace ---
T:   at System.Net.HttpWebRequest.GetRequestStream(TransportContext& context)
T:   at System.Net.HttpWebRequest.GetRequestStream()
T:   at OpenQA.Selenium.Remote.HttpCommandExecutor.Execute(Command commandToExecute)
T:   at OpenQA.Selenium.Firefox.FirefoxDriverCommandExecutor.Execute(Command commandToExecute)
T:   at OpenQA.Selenium.Remote.RemoteWebDriver.Execute(String driverCommandToExecute, Dictionary`2 parameters)
B:When I add the current product to the basket
T:skipped because of previous errors
B:Then the basket reflects the correct quantity and price of the item/s added to it
T:skipped because of previous errors
Scheduler: considering #8 for thread #0
Scheduler: using #8 for thread #0
Test #8 is scheduled for thread #0
Test #7 is finished on thread #0 as Failed within 9.9208601 seconds
Test #8/0 is started on thread #0
B:Given I navigate to Clerkenwell website
T:done: BasketSteps.GivenINavigateToClerkenwellWebsite() (2.0s)
B:And I navigate further to a product page
T:error: Unexpected error. System.Net.WebException: Unable to connect to the remote server ---> System.Net.Sockets.SocketException: No connection could be made because the target machine actively refused it 127.0.