VS filter: testpath:TestAssembly:Ve.Tests/Feature:Quantity+and+price+of+the+shopping+cart+items/Scenario:Add+same+product+to+the+basket
Discovering target: Default
Discovering tests from assembly: c:\users\raluca.nanea\documents\visual studio 2013\Projects\Ve.Test.Framework\Ve.Tests\bin\Debug\Ve.Tests.dll
Appdomain Disposed
Test Suite Dump
#0: Ve.Tests/Default - 
#1: Default - 
#2: Ve.Tests - 
#6: Quantity and price of the shopping cart items - 
#11: Add same product to the basket - TestAssembly:Ve.Tests/Feature:Quantity+and+price+of+the+shopping+cart+items/Scenario:Add+same+product+to+the+basket
End: Test Suite Dump -- X
Scheduler: considering #11 for thread #0
Scheduler: using #11 for thread #0
Test #11 is scheduled for thread #0
Thread #0: creating new test thread executor for Ve.Tests, Version=1.0.0.0, Culture=neutral, PublicKeyToken=null (target: Default)
Loading SpecRun type 'TechTalk.SpecRun.Framework.TestAssemblyExecutor' from: C:\Users\raluca.nanea\AppData\Local\Temp\VisualStudioTestExplorerExtensions\SpecRun.Runner.1.3.0\tools\TechTalk.SpecRun.Framework.Executor.dll
Test #11/0 is started on thread #0
B:Given I navigate to Clerkenwell website
T:done: BasketSteps.GivenINavigateToClerkenwellWebsite() (7.6s)
B:And I navigate further to a product page
T:done: BasketSteps.GivenINavigateFurtherToAProductPage() (5.5s)
B:When I add the current product to the basket
T:done: BasketSteps.WhenIAddTheCurrentProductToTheBasket() (4.7s)
B:When I add same product to the basket
T:done: BasketSteps.WhenIAddSameProductToTheBasket() (6.6s)
B:Then the basket contains one product with Quantity equals with 2
T:error: Site.Page<Basket>()._allBasketProductQuantities.Count
T:    should be
T:2
T:    but was
T:1
Scheduler: dequeuing a rescheduled item: 11
Scheduler: considering #11 for thread #0
Scheduler: using #11 for thread #0
Test #11 is scheduled for thread #0
Test #11 is finished on thread #0 as Failed within 37.6842571 seconds
Test #11/1 is started on thread #0
B:Given I navigate to Clerkenwell website
T:done: BasketSteps.GivenINavigateToClerkenwellWebsite() (2.0s)
B:And I navigate further to a product page
T:error: Unexpected error. System.Net.WebException: Unable to connect to the remote server ---> System.Net.Sockets.SocketException: No connection could be made because the target machine actively refused it 127.0.0.1:7055
T:   at System.Net.Sockets.Socket.DoConnect(EndPoint endPointSnapshot, SocketAddress socketAddress)
T:   at System.Net.ServicePoint.ConnectSocketInternal(Boolean connectFailure, Socket s4, Socket s6, Socket& socket, IPAddress& address, ConnectSocketState state, IAsyncResult asyncResult, Exception& exception)
T:   --- End of inner exception stack trace ---
T:   at System.Net.HttpWebRequest.GetRequestStream(TransportContext& context)
T:   at System.Net.HttpWebRequest.GetRequestStream()
T:   at OpenQA.Selenium.Remote.HttpCommandExecutor.Execute(Command commandToExecute)
T:   at OpenQA.Selenium.Firefox.FirefoxDriverCommandExecutor.Execute(Command commandToExecute)
T:   at OpenQA.Selenium.Remote.RemoteWebDriver.Execute(String driverCommandToExecute, Dictionary`2 parameters)
B:When I add the current product to the basket
T:skipped because of previous errors
B:When I add same product to the basket
T:skipped because of previous errors
B:Then the basket contains one product with Quantity equals with 2
T:skipped because of previous errors
Scheduler: dequeuing a rescheduled item: 11
Scheduler: considering #11 for thread #0
Scheduler: using #11 for thread #0
Test #11 is scheduled for thread #0
Test #11 is finished on thread #0 as Failed within 8.0457975 seconds
Test #11/2 is started on thread #0
B:Given I navigate to Clerkenwell website
T:done: BasketSteps.GivenINavigateToClerkenwellWebsite() (2.0s)
B:And I navigate further to a product page
T:error: Unexpected error. System.Net.WebException: Unable to connect to the remote server ---> System.Net.Sockets.SocketException: No connection could be made because the target machine actively refused it 127.0.0.1:7055
T:   at System.Net.Sockets.Socket.DoConnect(EndPoint endPointSnapshot, SocketAddress socketAddress)
T:   at System.Net.ServicePoint.ConnectSocketInternal(Boolean connectFailure, Socket s4, Socket s6, Socket& socket, IPAddress& address, ConnectSocketState state, IAsyncResult asyncResult, Exception& exception)
T:   --- End of inner exception stack trace ---
T:   at System.Net.HttpWebRequest.GetRequestStream(TransportContext& context)
T:   at System.Net.HttpWebRequest.GetRequestStream()
T:   at OpenQA.Selenium.Remote.HttpCommandExecutor.Execute(Command commandToExecute)
T:   at OpenQA.Selenium.Firefox.FirefoxDriverCommandExecutor.Execute(Command commandToExecute)
T:   at OpenQA.Selenium.Remote.RemoteWebDriver.Execute(String driverCommandToExecute, Dictionary`2 parameters)
B:When I add the current product to the basket
T:skipped because of previous errors
B:When I add same product to the basket
T:skipped because of previous errors
B:Then the basket contains one product with Quantity equals with 2
T:skipped because of previous errors
Test #11 is finished on thread #0 as Failed within 8.0286594 seconds
Appdomain Disposed
Total: 1 (test executions: 3)
Succeeded: 0
Ignored: 0
Pending: 0
Skipped: 0
Failed: 1
