VS filter: testpath:TestAssembly:Ve.Tests/Feature:SaleItems/Scenario:Product+discount+displayed+on+category+page+is+applied+to+product+page+as+well
Discovering target: Default
Discovering tests from assembly: c:\users\raluca.nanea\documents\visual studio 2013\Projects\Ve.Test.Framework\Ve.Tests\bin\Debug\Ve.Tests.dll
Appdomain Disposed
Test Suite Dump
#0: Ve.Tests/Default - 
#1: Default - 
#2: Ve.Tests - 
#3: SaleItems - 
#4: Product discount displayed on category page is applied to product page as well - TestAssembly:Ve.Tests/Feature:SaleItems/Scenario:Product+discount+displayed+on+category+page+is+applied+to+product+page+as+well
End: Test Suite Dump -- X
Scheduler: considering #4 for thread #0
Scheduler: using #4 for thread #0
Test #4 is scheduled for thread #0
Thread #0: creating new test thread executor for Ve.Tests, Version=1.0.0.0, Culture=neutral, PublicKeyToken=null (target: Default)
Loading SpecRun type 'TechTalk.SpecRun.Framework.TestAssemblyExecutor' from: C:\Users\raluca.nanea\AppData\Local\Temp\VisualStudioTestExplorerExtensions\SpecRun.Runner.1.3.0\tools\TechTalk.SpecRun.Framework.Executor.dll
Test #4/0 is started on thread #0
B:Given I navigate to Sale category page
T:done: SalesSteps.WhenINavigateToSaleCategoryPage() (3.4s)
B:When I select a product with discount
T:done: SalesSteps.WhenISelectAProductWithDiscount() (0.5s)
B:Then the same product discount is displayed on product page
T:error: Site.Page<Product>().GetSalePrice()
T:    should be
T:"147.50"
T:    but was
T:"295.00"
T:    difference
T:Difference     |  |    |    |         |        
T:               | \|/  \|/  \|/       \|/       
T:Index          | 0    1    2    3    4    5    
T:Expected Value | 1    4    7    .    5    0    
T:Actual Value   | 2    9    5    .    0    0    
T:Expected Code  | 49   52   55   46   53   48   
T:Actual Code    | 50   57   53   46   48   48   
Scheduler: dequeuing a rescheduled item: 4
Scheduler: considering #4 for thread #0
Scheduler: using #4 for thread #0
Test #4 is scheduled for thread #0
Test #4 is finished on thread #0 as Failed within 19.3122955 seconds
Test #4/1 is started on thread #0
B:Given I navigate to Sale category page
T:done: SalesSteps.WhenINavigateToSaleCategoryPage() (2.1s)
B:When I select a product with discount
T:error: Unexpected error. System.Net.WebException: Unable to connect to the remote server ---> System.Net.Sockets.SocketException: No connection could be made because the target machine actively refused it 127.0.0.1:7055
T:   at System.Net.Sockets.Socket.DoConnect(EndPoint endPointSnapshot, SocketAddress socketAddress)
T:   at System.Net.ServicePoint.ConnectSocketInternal(Boolean connectFailure, Socket s4, Socket s6, Socket& socket, IPAddress& address, ConnectSocketState state, IAsyncResult asyncResult, Exception& exception)
T:   --- End of inner exception stack trace ---
T:   at System.Net.HttpWebRequest.GetRequestStream(TransportContext& context)
T:   at System.Net.HttpWebRequest.GetRequestStream()
T:   at OpenQA.Selenium.Remote.HttpCommandExecutor.Execute(Command commandToExecute)
T:   at OpenQA.Selenium.Firefox.FirefoxDriverCommandExecutor.Execute(Command commandToExecute)
T:   at OpenQA.Selenium.Remote.RemoteWebDriver.Execute(String driverCommandToExecute, Dictionary`2 parameters)
B:Then the same product discount is displayed on product page
T:skipped because of previous errors
Scheduler: dequeuing a rescheduled item: 4
Scheduler: considering #4 for thread #0
Scheduler: using #4 for thread #0
Test #4 is scheduled for thread #0
Test #4 is finished on thread #0 as Failed within 8.1432443 seconds
Test #4/2 is started on thread #0
B:Given I navigate to Sale category page
T:done: SalesSteps.WhenINavigateToSaleCategoryPage() (2.0s)
B:When I select a product with discount
T:error: Unexpected error. System.Net.WebException: Unable to connect to the remote server ---> System.Net.Sockets.SocketException: No connection could be made because the target machine actively refused it 127.0.0.1:7055
T:   at System.Net.Sockets.Socket.DoConnect(EndPoint endPointSnapshot, SocketAddress socketAddress)
T:   at System.Net.ServicePoint.ConnectSocketInternal(Boolean connectFailure, Socket s4, Socket s6, Socket& socket, IPAddress& address, ConnectSocketState state, IAsyncResult asyncResult, Exception& exception)
T:   --- End of inner exception stack trace ---
T:   at System.Net.HttpWebRequest.GetRequestStream(TransportContext& context)
T:   at System.Net.HttpWebRequest.GetRequestStream()
T:   at OpenQA.Selenium.Remote.HttpCommandExecutor.Execute(Command commandToExecute)
T:   at OpenQA.Selenium.Firefox.FirefoxDriverCommandExecutor.Execute(Command commandToExecute)
T:   at OpenQA.Selenium.Remote.RemoteWebDriver.Execute(String driverCommandToExecute, Dictionary`2 parameters)
B:Then the same product discount is displayed on product page
T:skipped because of previous errors
Test #4 is finished on thread #0 as Failed within 8.0590319 seconds
Appdomain Disposed
Total: 1 (test executions: 3)
Succeeded: 0
Ignored: 0
Pending: 0
Skipped: 0
Failed: 1
